Arguments: 
  C:\Program Files\nodejs\node.exe C:\Program Files (x86)\Yarn\bin\yarn.js add web3

PATH: 
  C:\Program Files\Microsoft\jdk-11.0.16.101-hotspot\bin;C:\Program Files\Python310\Scripts\;C:\Program Files\Python310\;C:\Program Files\Common Files\Oracle\Java\javapath;C:\WINDOWS\system32;C:\WINDOWS;C:\WINDOWS\System32\Wbem;C:\WINDOWS\System32\WindowsPowerShell\v1.0\;C:\WINDOWS\System32\OpenSSH\;C:\ProgramData\chocolatey\bin;C:\Program Files\Git\cmd;C:\Program Files (x86)\Yarn\bin\;C:\Program Files\Docker\Docker\resources\bin;C:\Program Files\dotnet\;C:\Program Files\Microsoft SQL Server\150\Tools\Binn\;C:\Program Files\Microsoft SQL Server\Client SDK\ODBC\170\Tools\Binn\;C:\Program Files (x86)\Microsoft SQL Server\160\DTS\Binn\;C:\Program Files\Azure Data Studio\bin;C:\Program Files\Go\bin;C:\Program Files\nodejs\;C:\Users\Prabhavi Hewage\AppData\Local\Programs\Python\Python311\Scripts\;C:\Users\Prabhavi Hewage\AppData\Local\Programs\Python\Python311\;C:\Users\Prabhavi Hewage\AppData\Local\Microsoft\WindowsApps;C:\Users\Prabhavi Hewage\AppData\Local\Programs\Microsoft VS Code\bin;C:\Users\Prabhavi Hewage\AppData\Local\Yarn\bin;C:\Users\Prabhavi Hewage\.dotnet\tools;C:\Program Files\Azure Data Studio\bin;C:\Program Files\JetBrains\IntelliJ IDEA Community Edition 2022.3.3\bin;;C:\Users\Prabhavi Hewage\go\bin;C:\Program Files\nodejs\;C:\Users\Prabhavi Hewage\AppData\Roaming\npm

Yarn version: 
  1.22.19

Node version: 
  18.17.1

Platform: 
  win32 x64

Trace: 
  Error: EBUSY: resource busy or locked, rmdir 'C:\Users\Prabhavi Hewage\OneDrive\Desktop\Crowdfunding-DAPP-master\node_modules\ganache\node_modules\bufferutil'

npm manifest: 
  {
    "name": "crowdfunding",
    "version": "1.0.0",
    "description": "",
    "main": "index.js",
    "scripts": {
      "test": "echo \"Error: no test specified\" && exit 1"
    },
    "repository": {
      "type": "git",
      "url": "git+https://github.com/spandan114/Crowdfunding-DAPP.git"
    },
    "author": "spandan joshi",
    "license": "MIT",
    "bugs": {
      "url": "https://github.com/spandan114/Crowdfunding-DAPP/issues"
    },
    "homepage": "https://github.com/spandan114/Crowdfunding-DAPP#readme",
    "devDependencies": {
      "@nomiclabs/hardhat-ethers": "^2.0.5",
      "@nomiclabs/hardhat-waffle": "^2.0.3",
      "chai": "^4.3.6",
      "ethereum-waffle": "^3.4.4",
      "ethers": "^5.6.2",
      "hardhat": "^2.8.3",
      "tailwindcss": "^3.3.3"
    },
    "dependencies": {
      "web3": "^4.0.3"
    }
  }

yarn manifest: 
  No manifest

Lockfile: 
  No lockfile
